2025-11-13 14:32:17,572 - INFO - marker_backend.api.endpoints - Saved upload to C:\Users\snich\OneDrive\Documents\GDDE\doc2_pdf_extraction\marker_fullStack\v4\temp\uploads\eng1.jpg
2025-11-13 14:32:19,272 - INFO - marker_backend.services.marker_runner - Starting Marker for C:\Users\snich\OneDrive\Documents\GDDE\doc2_pdf_extraction\marker_fullStack\v4\temp\uploads\eng1.jpg with cmd: marker_single 'C:\Users\snich\OneDrive\Documents\GDDE\doc2_pdf_extraction\marker_fullStack\v4\temp\uploads\eng1.jpg' --force_ocr --output_format markdown --output_dir 'C:\Users\snich\OneDrive\Documents\GDDE\doc2_pdf_extraction\marker_fullStack\v4\temp\outputs'
2025-11-13 14:33:18,056 - INFO - marker_backend.services.marker_runner - Marker finished for C:\Users\snich\OneDrive\Documents\GDDE\doc2_pdf_extraction\marker_fullStack\v4\temp\uploads\eng1.jpg (exit=0) in 58.78s
2025-11-13 14:33:18,056 - DEBUG - marker_backend.services.marker_runner - Marker stdout for C:\Users\snich\OneDrive\Documents\GDDE\doc2_pdf_extraction\marker_fullStack\v4\temp\uploads\eng1.jpg:
<no stdout>
2025-11-13 14:33:18,057 - DEBUG - marker_backend.services.marker_runner - Marker stderr for C:\Users\snich\OneDrive\Documents\GDDE\doc2_pdf_extraction\marker_fullStack\v4\temp\uploads\eng1.jpg:

Recognizing Layout:   0%|          | 0/1 [00:00<?, ?it/s]
Recognizing Layout: 100%|##########| 1/1 [00:01<00:00,  1.21s/it]
Recognizing Layout: 100%|##########| 1/1 [00:01<00:00,  1.21s/it]

Running OCR Error Detection:   0%|          | 0/1 [00:00<?, ?it/s]
Running OCR Error Detection: 100%|##########| 1/1 [00:00<00:00,  6.24it/s]
Running OCR Error Detection: 100%|##########| 1/1 [00:00<00:00,  6.24it/s]

Detecting bboxes:   0%|          | 0/1 [00:00<?, ?it/s]
Detecting bboxes: 100%|##########| 1/1 [00:01<00:00,  1.30s/it]
Detecting bboxes: 100%|##########| 1/1 [00:01<00:00,  1.30s/it]

Recognizing Text:   0%|          | 0/3 [00:00<?, ?it/s]
Recognizing Text:  33%|###3      | 1/3 [00:01<00:03,  1.62s/it]
Recognizing Text:  67%|######6   | 2/3 [00:01<00:00,  1.13it/s]
Recognizing Text: 100%|##########| 3/3 [00:03<00:00,  1.01it/s]
Recognizing Text: 100%|##########| 3/3 [00:03<00:00,  1.04s/it]

Recognizing tables:   0%|          | 0/1 [00:00<?, ?it/s]
Recognizing tables: 100%|##########| 1/1 [00:01<00:00,  1.20s/it]
Recognizing tables: 100%|##########| 1/1 [00:01<00:00,  1.20s/it]

Detecting bboxes:   0%|          | 0/1 [00:00<?, ?it/s]
Detecting bboxes: 100%|##########| 1/1 [00:00<00:00,  3.56it/s]
Detecting bboxes: 100%|##########| 1/1 [00:00<00:00,  3.56it/s]

Recognizing Text:   0%|          | 0/219 [00:00<?, ?it/s]
Recognizing Text:   0%|          | 1/219 [00:05<18:40,  5.14s/it]
Recognizing Text:   3%|3         | 7/219 [00:06<02:28,  1.43it/s]
Recognizing Text:   8%|7         | 17/219 [00:07<01:01,  3.26it/s]
Recognizing Text:  12%|#1        | 26/219 [00:08<00:41,  4.67it/s]
Recognizing Text:  14%|#4        | 31/219 [00:09<00:42,  4.47it/s]
Recognizing Text:  16%|#5        | 35/219 [00:10<00:42,  4.37it/s]
Recognizing Text:  17%|#7        | 38/219 [00:11<00:45,  3.99it/s]
Recognizing Text:  21%|##1       | 47/219 [00:12<00:33,  5.10it/s]
Recognizing Text:  27%|##6       | 59/219 [00:14<00:24,  6.65it/s]
Recognizing Text:  31%|###       | 67/219 [00:15<00:21,  7.05it/s]
Recognizing Text:  32%|###1      | 69/219 [00:16<00:27,  5.42it/s]
Recognizing Text:  40%|####      | 88/219 [00:17<00:15,  8.54it/s]
Recognizing Text:  44%|####4     | 97/219 [00:18<00:14,  8.69it/s]
Recognizing Text:  47%|####7     | 104/219 [00:19<00:14,  7.81it/s]
Recognizing Text:  53%|#####2    | 115/219 [00:20<00:12,  8.33it/s]
Recognizing Text:  58%|#####7    | 126/219 [00:21<00:10,  8.65it/s]
Recognizing Text:  61%|######    | 133/219 [00:23<00:10,  7.95it/s]
Recognizing Text:  67%|######7   | 147/219 [00:24<00:08,  8.83it/s]
Recognizing Text:  71%|#######1  | 156/219 [00:25<00:07,  8.85it/s]
Recognizing Text:  76%|#######5  | 166/219 [00:26<00:06,  8.56it/s]
Recognizing Text:  78%|#######7  | 170/219 [00:27<00:06,  7.38it/s]
Recognizing Text:  85%|########5 | 187/219 [00:28<00:03,  9.80it/s]
Recognizing Text:  88%|########7 | 192/219 [00:29<00:03,  8.48it/s]
Recognizing Text:  95%|#########5| 209/219 [00:31<00:01,  8.50it/s]
Recognizing Text:  99%|#########8| 216/219 [00:33<00:00,  6.58it/s]
Recognizing Text: 100%|##########| 219/219 [00:33<00:00,  6.50it/s]
2025-11-13 14:33:16,351 [INFO] marker: Saved markdown to C:\Users\snich\OneDrive\Documents\GDDE\doc2_pdf_extraction\marker_fullStack\v4\temp\outputs\eng1
2025-11-13 14:33:16,351 [INFO] marker: Total time: 41.36912202835083

2025-11-13 14:33:18,058 - DEBUG - marker_backend.services.marker_runner - Expected output not found at canonical path; attempting discovery heuristics.
2025-11-13 14:33:18,078 - INFO - marker_backend.services.marker_runner - Discovered Marker output at C:\Users\snich\OneDrive\Documents\GDDE\doc2_pdf_extraction\marker_fullStack\v4\temp\outputs\eng1
2025-11-13 14:33:18,081 - INFO - marker_backend.api.endpoints - Marker produced output file: C:\Users\snich\OneDrive\Documents\GDDE\doc2_pdf_extraction\marker_fullStack\v4\temp\outputs\eng1
